2025-01-20 19:23:50,916 - INFO - [31m[1mWARNING: This is a development server. Do not use it in a production deployment. Use a production WSGI server instead.[0m
 * Running on http://127.0.0.1:5000
2025-01-20 19:23:50,918 - INFO - [33mPress CTRL+C to quit[0m
2025-01-20 19:23:50,924 - INFO -  * Restarting with stat
2025-01-20 19:23:51,784 - WARNING -  * Debugger is active!
2025-01-20 19:23:51,788 - INFO -  * Debugger PIN: 673-542-080
2025-01-20 19:24:24,944 - INFO - [31m[1mWARNING: This is a development server. Do not use it in a production deployment. Use a production WSGI server instead.[0m
 * Running on http://127.0.0.1:5000
2025-01-20 19:24:24,944 - INFO - [33mPress CTRL+C to quit[0m
2025-01-20 19:24:24,968 - INFO -  * Restarting with stat
2025-01-20 19:24:25,735 - WARNING -  * Debugger is active!
2025-01-20 19:24:25,751 - INFO -  * Debugger PIN: 673-542-080
2025-01-20 19:24:27,937 - INFO - 127.0.0.1 - - [20/Jan/2025 19:24:27] "[35m[1mGET / HTTP/1.1[0m" 500 -
2025-01-20 19:24:28,047 - INFO - 127.0.0.1 - - [20/Jan/2025 19:24:28] "[36mGET /?__debugger__=yes&cmd=resource&f=debugger.js HTTP/1.1[0m" 304 -
2025-01-20 19:24:28,047 - INFO - 127.0.0.1 - - [20/Jan/2025 19:24:28] "[36mGET /?__debugger__=yes&cmd=resource&f=style.css HTTP/1.1[0m" 304 -
2025-01-20 19:24:28,159 - INFO - 127.0.0.1 - - [20/Jan/2025 19:24:28] "[36mGET /?__debugger__=yes&cmd=resource&f=console.png HTTP/1.1[0m" 304 -
2025-01-20 19:24:28,176 - INFO - 127.0.0.1 - - [20/Jan/2025 19:24:28] "[36mGET /?__debugger__=yes&cmd=resource&f=console.png HTTP/1.1[0m" 304 -
2025-01-20 19:26:29,440 - INFO -  * Detected change in 'D:\\Block7\\Context of Code\\Project\\config_loader.py', reloading
2025-01-20 19:26:29,586 - INFO -  * Restarting with stat
2025-01-20 19:26:29,662 - INFO -  * Detected change in 'd:\\Block7\\Context of Code\\Project\\config_loader.py', reloading
2025-01-20 19:26:29,747 - INFO -  * Restarting with stat
2025-01-20 19:38:17,670 - INFO - [31m[1mWARNING: This is a development server. Do not use it in a production deployment. Use a production WSGI server instead.[0m
 * Running on http://127.0.0.1:5000
2025-01-20 19:38:17,674 - INFO - [33mPress CTRL+C to quit[0m
2025-01-20 19:38:17,674 - INFO -  * Restarting with stat
2025-01-20 19:38:18,364 - WARNING -  * Debugger is active!
2025-01-20 19:38:18,376 - INFO -  * Debugger PIN: 673-542-080
2025-01-20 19:38:22,485 - INFO - 127.0.0.1 - - [20/Jan/2025 19:38:22] "GET / HTTP/1.1" 200 -
2025-01-20 19:38:48,618 - INFO -  * Detected change in 'D:\\Block7\\Context of Code\\Project\\main.py', reloading
2025-01-20 19:38:48,705 - INFO -  * Restarting with stat
2025-01-20 19:38:49,377 - WARNING -  * Debugger is active!
2025-01-20 19:38:49,390 - INFO -  * Debugger PIN: 673-542-080
2025-01-20 19:38:51,420 - INFO -  * Detected change in 'D:\\Block7\\Context of Code\\Project\\main.py', reloading
2025-01-20 19:38:51,488 - INFO -  * Restarting with stat
2025-01-20 19:38:52,220 - WARNING -  * Debugger is active!
2025-01-20 19:38:52,231 - INFO -  * Debugger PIN: 673-542-080
2025-01-20 19:38:53,263 - INFO -  * Detected change in 'D:\\Block7\\Context of Code\\Project\\main.py', reloading
2025-01-20 19:38:53,335 - INFO -  * Restarting with stat
2025-01-20 19:38:53,936 - INFO - Starting the application
2025-01-20 19:38:53,956 - WARNING -  * Debugger is active!
2025-01-20 19:38:53,972 - INFO -  * Debugger PIN: 673-542-080
2025-01-20 19:39:12,086 - INFO -  * Detected change in 'D:\\Block7\\Context of Code\\Project\\main.py', reloading
2025-01-20 19:39:12,167 - INFO -  * Restarting with stat
2025-01-20 19:39:12,843 - INFO - Starting the application
2025-01-20 19:39:12,870 - WARNING -  * Debugger is active!
2025-01-20 19:39:12,884 - INFO -  * Debugger PIN: 673-542-080
2025-01-20 19:39:14,920 - INFO -  * Detected change in 'D:\\Block7\\Context of Code\\Project\\main.py', reloading
2025-01-20 19:39:14,983 - INFO -  * Restarting with stat
2025-01-20 19:39:15,594 - INFO - Starting the application
2025-01-20 19:39:15,609 - WARNING -  * Debugger is active!
2025-01-20 19:39:15,622 - INFO -  * Debugger PIN: 673-542-080
2025-01-20 19:39:22,678 - INFO -  * Detected change in 'D:\\Block7\\Context of Code\\Project\\main.py', reloading
2025-01-20 19:39:22,833 - INFO -  * Restarting with stat
2025-01-20 19:39:23,842 - INFO - Starting the application
2025-01-20 19:39:23,870 - WARNING -  * Debugger is active!
2025-01-20 19:39:23,882 - INFO -  * Debugger PIN: 673-542-080
2025-01-20 19:39:24,925 - INFO -  * Detected change in 'D:\\Block7\\Context of Code\\Project\\main.py', reloading
2025-01-20 19:39:25,171 - INFO -  * Restarting with stat
2025-01-20 19:39:25,987 - INFO - Starting the application
2025-01-20 19:39:26,102 - WARNING -  * Debugger is active!
2025-01-20 19:39:26,123 - INFO -  * Debugger PIN: 673-542-080
2025-01-20 19:39:26,165 - INFO -  * Detected change in 'D:\\Block7\\Context of Code\\Project\\main.py', reloading
2025-01-20 19:39:26,245 - INFO -  * Restarting with stat
2025-01-20 19:39:27,509 - INFO - Starting the application
2025-01-20 19:39:27,534 - WARNING -  * Debugger is active!
2025-01-20 19:39:27,559 - INFO -  * Debugger PIN: 673-542-080
2025-01-20 19:39:28,611 - INFO -  * Detected change in 'D:\\Block7\\Context of Code\\Project\\main.py', reloading
2025-01-20 19:39:28,791 - INFO -  * Restarting with stat
2025-01-20 19:39:29,896 - INFO - Starting the application
2025-01-20 19:39:29,921 - WARNING -  * Debugger is active!
2025-01-20 19:39:29,939 - INFO -  * Debugger PIN: 673-542-080
2025-01-20 19:39:31,978 - INFO -  * Detected change in 'D:\\Block7\\Context of Code\\Project\\main.py', reloading
2025-01-20 19:39:32,054 - INFO -  * Restarting with stat
2025-01-20 19:39:32,739 - INFO - Starting the application
2025-01-20 19:39:32,764 - WARNING -  * Debugger is active!
2025-01-20 19:39:32,786 - INFO -  * Debugger PIN: 673-542-080
2025-01-20 19:39:34,843 - INFO -  * Detected change in 'D:\\Block7\\Context of Code\\Project\\main.py', reloading
2025-01-20 19:39:35,035 - INFO -  * Restarting with stat
2025-01-20 19:39:35,761 - INFO - Starting the application
2025-01-20 19:39:35,784 - WARNING -  * Debugger is active!
2025-01-20 19:39:35,803 - INFO -  * Debugger PIN: 673-542-080
2025-01-20 19:40:17,033 - INFO -  * Detected change in 'D:\\Block7\\Context of Code\\Project\\main.py', reloading
2025-01-20 19:40:17,214 - INFO -  * Restarting with stat
2025-01-20 19:40:17,892 - INFO - Starting the application
2025-01-20 19:40:17,914 - WARNING -  * Debugger is active!
2025-01-20 19:40:17,928 - INFO -  * Debugger PIN: 673-542-080
2025-01-20 19:40:18,949 - INFO -  * Detected change in 'D:\\Block7\\Context of Code\\Project\\main.py', reloading
2025-01-20 19:40:19,030 - INFO -  * Restarting with stat
2025-01-20 19:40:19,586 - INFO - Starting the application
2025-01-20 19:40:19,604 - WARNING -  * Debugger is active!
2025-01-20 19:40:19,612 - INFO -  * Debugger PIN: 673-542-080
2025-01-20 19:40:20,647 - INFO -  * Detected change in 'D:\\Block7\\Context of Code\\Project\\main.py', reloading
2025-01-20 19:40:20,755 - INFO -  * Restarting with stat
2025-01-20 19:40:39,219 - INFO - Starting the application
2025-01-20 19:40:39,219 - WARNING - Warning message
2025-01-20 19:40:39,224 - ERROR - Error message
2025-01-20 19:40:39,224 - CRITICAL - Critical message
2025-01-20 19:40:39,270 - INFO - [31m[1mWARNING: This is a development server. Do not use it in a production deployment. Use a production WSGI server instead.[0m
 * Running on http://127.0.0.1:5000
2025-01-20 19:40:39,272 - INFO - [33mPress CTRL+C to quit[0m
2025-01-20 19:40:39,283 - INFO -  * Restarting with stat
2025-01-20 19:40:39,940 - INFO - Starting the application
2025-01-20 19:40:39,941 - WARNING - Warning message
2025-01-20 19:40:39,942 - ERROR - Error message
2025-01-20 19:40:39,943 - CRITICAL - Critical message
2025-01-20 19:40:39,960 - WARNING -  * Debugger is active!
2025-01-20 19:40:39,970 - INFO -  * Debugger PIN: 673-542-080
2025-01-20 19:41:21,746 - ERROR - Error message
2025-01-20 19:41:21,749 - CRITICAL - Critical message
2025-01-20 19:41:22,483 - ERROR - Error message
2025-01-20 19:41:22,483 - CRITICAL - Critical message
2025-01-20 19:43:33,230 - WARNING - Warning message
2025-01-20 19:43:33,230 - ERROR - Error message
2025-01-20 19:43:33,230 - CRITICAL - Critical message
2025-01-20 19:43:33,282 - WARNING -  * Debugger is active!
2025-01-20 19:43:43,173 - WARNING -  * Debugger is active!
2025-01-20 19:44:02,376 - WARNING -  * Debugger is active!
2025-01-20 19:44:20,069 - WARNING -  * Debugger is active!
2025-01-20 19:45:42,392 - WARNING -  * Debugger is active!
2025-01-20 19:45:49,267 - WARNING -  * Debugger is active!
2025-01-20 19:45:51,192 - WARNING -  * Debugger is active!
2025-01-20 19:46:01,067 - WARNING -  * Debugger is active!
2025-01-20 19:46:07,043 - WARNING -  * Debugger is active!
2025-01-20 19:46:08,967 - WARNING -  * Debugger is active!
2025-01-20 19:46:57,181 - WARNING -  * Debugger is active!
2025-01-20 19:46:59,128 - WARNING -  * Debugger is active!
2025-01-20 19:47:00,948 - WARNING -  * Debugger is active!
2025-01-20 19:47:26,689 - WARNING -  * Debugger is active!
2025-01-20 19:47:39,628 - WARNING -  * Debugger is active!
2025-01-20 19:47:54,867 - WARNING -  * Debugger is active!
2025-01-20 19:48:02,667 - WARNING -  * Debugger is active!
2025-01-20 19:48:19,561 - WARNING -  * Debugger is active!
2025-01-20 19:48:22,443 - WARNING -  * Debugger is active!
2025-01-20 19:48:25,722 - WARNING -  * Debugger is active!
2025-01-20 19:48:31,925 - WARNING -  * Debugger is active!
2025-01-20 19:48:34,217 - WARNING -  * Debugger is active!
2025-01-20 19:48:37,627 - WARNING -  * Debugger is active!
2025-01-20 19:48:45,616 - WARNING -  * Debugger is active!
2025-01-20 19:49:02,609 - WARNING -  * Debugger is active!
2025-01-20 20:21:49,335 - WARNING -  * Debugger is active!
2025-01-20 20:22:43,536 - WARNING -  * Debugger is active!
2025-02-06 20:25:04,499 - ERROR - Error reading local metrics: [Errno 2] No such file or directory: 'local_metrics.json'
2025-02-06 20:25:06,811 - ERROR - external_metrics.json does not exist
2025-02-06 20:25:46,015 - ERROR - Error reading local metrics: [Errno 2] No such file or directory: 'local_metrics.json'
2025-02-06 20:25:48,396 - ERROR - external_metrics.json does not exist
2025-02-06 20:25:49,718 - ERROR - Error reading local metrics: [Errno 2] No such file or directory: 'local_metrics.json'
2025-02-06 20:25:55,333 - ERROR - Error reading local metrics: [Errno 2] No such file or directory: 'local_metrics.json'
2025-02-06 20:26:13,006 - ERROR - Error reading local metrics: [Errno 2] No such file or directory: 'local_metrics.json'
2025-02-06 20:26:45,049 - ERROR - Error reading local metrics: [Errno 2] No such file or directory: 'local_metrics.json'
2025-02-06 20:27:27,578 - ERROR - Error reading local metrics: [Errno 2] No such file or directory: 'local_metrics.json'
2025-02-06 20:27:32,576 - ERROR - Error reading local metrics: [Errno 2] No such file or directory: 'local_metrics.json'
2025-02-06 20:27:36,002 - ERROR - Error reading local metrics: [Errno 2] No such file or directory: 'local_metrics.json'
2025-02-06 20:27:40,976 - ERROR - Error reading local metrics: [Errno 2] No such file or directory: 'local_metrics.json'
2025-02-06 20:27:45,974 - ERROR - Error reading local metrics: [Errno 2] No such file or directory: 'local_metrics.json'
2025-02-06 20:27:46,186 - ERROR - external_metrics.json does not exist
2025-02-06 20:27:51,179 - ERROR - external_metrics.json does not exist
2025-02-06 20:27:56,173 - ERROR - external_metrics.json does not exist
2025-02-06 20:28:01,174 - ERROR - external_metrics.json does not exist
2025-02-06 20:28:06,175 - ERROR - external_metrics.json does not exist
2025-02-06 20:28:11,178 - ERROR - external_metrics.json does not exist
2025-02-06 20:28:16,175 - ERROR - external_metrics.json does not exist
2025-02-06 20:28:21,179 - ERROR - external_metrics.json does not exist
2025-02-06 20:28:26,171 - ERROR - external_metrics.json does not exist
2025-02-06 20:28:31,171 - ERROR - external_metrics.json does not exist
2025-02-06 20:28:35,988 - ERROR - Error reading local metrics: [Errno 2] No such file or directory: 'local_metrics.json'
2025-02-06 20:28:37,470 - ERROR - external_metrics.json does not exist
2025-02-06 20:28:40,474 - ERROR - Error reading local metrics: [Errno 2] No such file or directory: 'local_metrics.json'
2025-02-06 20:38:35,049 - ERROR - Error collecting metrics: 'WeatherMetrics' object has no attribute 'get_metrics'
2025-02-06 20:45:47,030 - ERROR - Error reading local metrics: [Errno 2] No such file or directory: 'local_metrics.json'
2025-02-06 20:45:48,907 - ERROR - external_metrics.json does not exist
2025-02-06 20:45:52,918 - ERROR - Error reading local metrics: [Errno 2] No such file or directory: 'local_metrics.json'
2025-02-06 20:45:55,275 - ERROR - external_metrics.json does not exist
2025-02-06 20:46:00,267 - ERROR - external_metrics.json does not exist
2025-02-06 20:46:45,506 - ERROR - external_metrics.json does not exist
2025-02-06 20:46:46,332 - ERROR - Error reading local metrics: [Errno 2] No such file or directory: 'local_metrics.json'
2025-02-06 20:46:48,733 - ERROR - Error reading local metrics: [Errno 2] No such file or directory: 'local_metrics.json'
2025-02-06 20:46:53,748 - ERROR - Error reading local metrics: [Errno 2] No such file or directory: 'local_metrics.json'
2025-02-06 20:46:58,740 - ERROR - Error reading local metrics: [Errno 2] No such file or directory: 'local_metrics.json'
2025-02-06 21:03:53,246 - ERROR - Error reading local metrics: [Errno 2] No such file or directory: 'local_metrics.json'
2025-02-06 21:03:54,402 - ERROR - Error reading local metrics: [Errno 2] No such file or directory: 'local_metrics.json'
2025-02-06 21:03:59,970 - ERROR - Error reading local metrics: [Errno 2] No such file or directory: 'local_metrics.json'
2025-02-06 21:04:04,952 - ERROR - Error reading local metrics: [Errno 2] No such file or directory: 'local_metrics.json'
2025-02-06 21:04:09,963 - ERROR - Error reading local metrics: [Errno 2] No such file or directory: 'local_metrics.json'
2025-02-06 21:04:14,951 - ERROR - Error reading local metrics: [Errno 2] No such file or directory: 'local_metrics.json'
2025-02-06 21:04:19,955 - ERROR - Error reading local metrics: [Errno 2] No such file or directory: 'local_metrics.json'
2025-02-06 21:04:24,969 - ERROR - Error reading local metrics: [Errno 2] No such file or directory: 'local_metrics.json'
2025-02-06 21:04:30,832 - ERROR - Error reading local metrics: [Errno 2] No such file or directory: 'local_metrics.json'
2025-02-06 21:04:47,009 - ERROR - Error reading local metrics: [Errno 2] No such file or directory: 'local_metrics.json'
2025-02-06 21:05:04,121 - ERROR - Error reading local metrics: [Errno 2] No such file or directory: 'local_metrics.json'
2025-02-06 21:05:40,623 - ERROR - Error reading local metrics: [Errno 2] No such file or directory: 'local_metrics.json'
2025-02-06 21:06:00,565 - ERROR - Error reading local metrics: [Errno 2] No such file or directory: 'local_metrics.json'
2025-02-06 22:02:42,335 - ERROR - Error reading local metrics: [Errno 2] No such file or directory: 'local_metrics.json'
2025-02-06 22:02:43,768 - ERROR - Error reading local metrics: [Errno 2] No such file or directory: 'local_metrics.json'
2025-02-06 22:02:46,718 - ERROR - Error reading local metrics: [Errno 2] No such file or directory: 'local_metrics.json'
2025-02-06 22:02:47,849 - ERROR - external_metrics.json does not exist
2025-02-07 09:04:03,500 - ERROR - external_metrics.json does not exist
2025-02-07 09:04:08,491 - ERROR - external_metrics.json does not exist
2025-02-07 09:04:09,081 - ERROR - Error reading local metrics: [Errno 2] No such file or directory: 'local_metrics.json'
2025-02-07 09:41:59,781 - ERROR - Error reading local metrics: [Errno 2] No such file or directory: 'local_metrics.json'
2025-02-07 09:42:02,678 - ERROR - external_metrics.json does not exist
2025-02-07 09:42:09,112 - ERROR - external_metrics.json does not exist
2025-02-07 09:42:12,678 - ERROR - Error reading local metrics: [Errno 2] No such file or directory: 'local_metrics.json'
2025-02-07 09:42:18,075 - ERROR - Error reading local metrics: [Errno 2] No such file or directory: 'local_metrics.json'
2025-02-07 09:42:22,657 - ERROR - Error reading local metrics: [Errno 2] No such file or directory: 'local_metrics.json'
2025-02-07 09:42:27,665 - ERROR - Error reading local metrics: [Errno 2] No such file or directory: 'local_metrics.json'
2025-02-07 09:42:32,655 - ERROR - Error reading local metrics: [Errno 2] No such file or directory: 'local_metrics.json'
2025-02-07 09:42:37,646 - ERROR - Error reading local metrics: [Errno 2] No such file or directory: 'local_metrics.json'
2025-02-07 09:42:42,648 - ERROR - Error reading local metrics: [Errno 2] No such file or directory: 'local_metrics.json'
2025-02-07 09:42:47,648 - ERROR - Error reading local metrics: [Errno 2] No such file or directory: 'local_metrics.json'
2025-02-07 09:42:52,655 - ERROR - Error reading local metrics: [Errno 2] No such file or directory: 'local_metrics.json'
2025-02-07 09:42:57,649 - ERROR - Error reading local metrics: [Errno 2] No such file or directory: 'local_metrics.json'
2025-02-07 09:43:02,657 - ERROR - Error reading local metrics: [Errno 2] No such file or directory: 'local_metrics.json'
2025-02-07 09:43:07,665 - ERROR - Error reading local metrics: [Errno 2] No such file or directory: 'local_metrics.json'
2025-02-07 09:43:12,654 - ERROR - Error reading local metrics: [Errno 2] No such file or directory: 'local_metrics.json'
2025-02-07 09:43:17,662 - ERROR - Error reading local metrics: [Errno 2] No such file or directory: 'local_metrics.json'
2025-02-07 09:43:22,650 - ERROR - Error reading local metrics: [Errno 2] No such file or directory: 'local_metrics.json'
2025-02-07 09:43:28,074 - ERROR - Error reading local metrics: [Errno 2] No such file or directory: 'local_metrics.json'
2025-02-07 09:43:33,094 - ERROR - Error reading local metrics: [Errno 2] No such file or directory: 'local_metrics.json'
2025-02-07 09:43:38,071 - ERROR - Error reading local metrics: [Errno 2] No such file or directory: 'local_metrics.json'
2025-02-07 09:43:43,069 - ERROR - Error reading local metrics: [Errno 2] No such file or directory: 'local_metrics.json'
2025-02-07 09:43:48,081 - ERROR - Error reading local metrics: [Errno 2] No such file or directory: 'local_metrics.json'
2025-02-07 09:43:53,076 - ERROR - Error reading local metrics: [Errno 2] No such file or directory: 'local_metrics.json'
2025-02-07 09:43:58,073 - ERROR - Error reading local metrics: [Errno 2] No such file or directory: 'local_metrics.json'
2025-02-07 09:44:03,067 - ERROR - Error reading local metrics: [Errno 2] No such file or directory: 'local_metrics.json'
2025-02-07 09:44:08,066 - ERROR - Error reading local metrics: [Errno 2] No such file or directory: 'local_metrics.json'
2025-02-07 09:44:13,066 - ERROR - Error reading local metrics: [Errno 2] No such file or directory: 'local_metrics.json'
2025-02-07 09:44:18,065 - ERROR - Error reading local metrics: [Errno 2] No such file or directory: 'local_metrics.json'
2025-02-07 09:44:23,064 - ERROR - Error reading local metrics: [Errno 2] No such file or directory: 'local_metrics.json'
2025-02-07 09:44:45,062 - ERROR - Error reading local metrics: [Errno 2] No such file or directory: 'local_metrics.json'
2025-02-07 09:45:45,054 - ERROR - Error reading local metrics: [Errno 2] No such file or directory: 'local_metrics.json'
2025-02-07 09:46:45,048 - ERROR - Error reading local metrics: [Errno 2] No such file or directory: 'local_metrics.json'
